<?xml version="1.0" encoding="UTF-8"?>
<testsuite xmlns:xsi="http://www.w3.org/2001/XMLSchema-instance" xsi:noNamespaceSchemaLocation="https://maven.apache.org/surefire/maven-surefire-plugin/xsd/surefire-test-report.xsd" name="net.broscorp.gamelife.GameOfLifeTest" time="0.022" tests="6" errors="6" skipped="0" failures="0">
  <properties>
    <property name="java.specification.version" value="15"/>
    <property name="sun.cpu.isalist" value="amd64"/>
    <property name="sun.jnu.encoding" value="Cp1252"/>
    <property name="java.class.path" value="C:\Users\Roman\IdeaProjects\myTraineeship\module1\target\test-classes;C:\Users\Roman\IdeaProjects\myTraineeship\module1\target\classes;C:\Users\Roman\.m2\repository\org\junit\jupiter\junit-jupiter-api\5.4.0\junit-jupiter-api-5.4.0.jar;C:\Users\Roman\.m2\repository\org\apiguardian\apiguardian-api\1.0.0\apiguardian-api-1.0.0.jar;C:\Users\Roman\.m2\repository\org\opentest4j\opentest4j\1.1.1\opentest4j-1.1.1.jar;C:\Users\Roman\.m2\repository\org\junit\platform\junit-platform-commons\1.4.0\junit-platform-commons-1.4.0.jar;C:\Users\Roman\.m2\repository\org\junit\jupiter\junit-jupiter-engine\5.4.0\junit-jupiter-engine-5.4.0.jar;C:\Users\Roman\.m2\repository\org\junit\platform\junit-platform-engine\1.4.0\junit-platform-engine-1.4.0.jar;C:\Users\Roman\.m2\repository\junit\junit\4.4\junit-4.4.jar;"/>
    <property name="java.vm.vendor" value="Oracle Corporation"/>
    <property name="sun.arch.data.model" value="64"/>
    <property name="user.variant" value=""/>
    <property name="java.vendor.url" value="https://java.oracle.com/"/>
    <property name="user.timezone" value="Europe/Kiev"/>
    <property name="os.name" value="Windows 10"/>
    <property name="java.vm.specification.version" value="15"/>
    <property name="sun.java.launcher" value="SUN_STANDARD"/>
    <property name="user.country" value="US"/>
    <property name="sun.boot.library.path" value="C:\Users\Roman\.jdks\openjdk-15.0.2\bin"/>
    <property name="sun.java.command" value="C:\Users\Roman\AppData\Local\Temp\surefire8175740796877992760\surefirebooter11679426954476631162.jar C:\Users\Roman\AppData\Local\Temp\surefire8175740796877992760 2021-03-28T00-32-36_604-jvmRun1 surefire7087308213032766772tmp surefire_018186449812676059661tmp"/>
    <property name="jdk.debug" value="release"/>
    <property name="surefire.test.class.path" value="C:\Users\Roman\IdeaProjects\myTraineeship\module1\target\test-classes;C:\Users\Roman\IdeaProjects\myTraineeship\module1\target\classes;C:\Users\Roman\.m2\repository\org\junit\jupiter\junit-jupiter-api\5.4.0\junit-jupiter-api-5.4.0.jar;C:\Users\Roman\.m2\repository\org\apiguardian\apiguardian-api\1.0.0\apiguardian-api-1.0.0.jar;C:\Users\Roman\.m2\repository\org\opentest4j\opentest4j\1.1.1\opentest4j-1.1.1.jar;C:\Users\Roman\.m2\repository\org\junit\platform\junit-platform-commons\1.4.0\junit-platform-commons-1.4.0.jar;C:\Users\Roman\.m2\repository\org\junit\jupiter\junit-jupiter-engine\5.4.0\junit-jupiter-engine-5.4.0.jar;C:\Users\Roman\.m2\repository\org\junit\platform\junit-platform-engine\1.4.0\junit-platform-engine-1.4.0.jar;C:\Users\Roman\.m2\repository\junit\junit\4.4\junit-4.4.jar;"/>
    <property name="sun.cpu.endian" value="little"/>
    <property name="user.home" value="C:\Users\Roman"/>
    <property name="user.language" value="en"/>
    <property name="java.specification.vendor" value="Oracle Corporation"/>
    <property name="java.version.date" value="2021-01-19"/>
    <property name="java.home" value="C:\Users\Roman\.jdks\openjdk-15.0.2"/>
    <property name="file.separator" value="\"/>
    <property name="basedir" value="C:\Users\Roman\IdeaProjects\myTraineeship\module1"/>
    <property name="java.vm.compressedOopsMode" value="Zero based"/>
    <property name="line.separator" value="&#10;"/>
    <property name="java.vm.specification.vendor" value="Oracle Corporation"/>
    <property name="java.specification.name" value="Java Platform API Specification"/>
    <property name="surefire.real.class.path" value="C:\Users\Roman\AppData\Local\Temp\surefire8175740796877992760\surefirebooter11679426954476631162.jar"/>
    <property name="user.script" value=""/>
    <property name="sun.management.compiler" value="HotSpot 64-Bit Tiered Compilers"/>
    <property name="java.runtime.version" value="15.0.2+7-27"/>
    <property name="user.name" value="Roman"/>
    <property name="path.separator" value=";"/>
    <property name="os.version" value="10.0"/>
    <property name="java.runtime.name" value="OpenJDK Runtime Environment"/>
    <property name="file.encoding" value="Cp1252"/>
    <property name="java.vm.name" value="OpenJDK 64-Bit Server VM"/>
    <property name="localRepository" value="C:\Users\Roman\.m2\repository"/>
    <property name="java.vendor.url.bug" value="https://bugreport.java.com/bugreport/"/>
    <property name="java.io.tmpdir" value="C:\Users\Roman\AppData\Local\Temp\"/>
    <property name="idea.version" value="2020.3.3"/>
    <property name="java.version" value="15.0.2"/>
    <property name="user.dir" value="C:\Users\Roman\IdeaProjects\myTraineeship\module1"/>
    <property name="os.arch" value="amd64"/>
    <property name="java.vm.specification.name" value="Java Virtual Machine Specification"/>
    <property name="sun.os.patch.level" value=""/>
    <property name="java.library.path" value="C:\Users\Roman\.jdks\openjdk-15.0.2\bin;C:\Windows\Sun\Java\bin;C:\Windows\system32;C:\Windows;C:\Program Files (x86)\Common Files\Oracle\Java\javapath;C:\Windows\system32;C:\Windows;C:\Windows\System32\Wbem;C:\Windows\System32\WindowsPowerShell\v1.0\;C:\Windows\System32\OpenSSH\;C:\Program Files\NVIDIA Corporation\NVIDIA NvDLISR;C:\Program Files (x86)\NVIDIA Corporation\PhysX\Common;C:\Program Files\Git\cmd;C:\Program Files\dotnet\;C:\Program Files\Microsoft SQL Server\130\Tools\Binn\;C:\Program Files\Microsoft SQL Server\Client SDK\ODBC\170\Tools\Binn\;C:\Users\Roman\AppData\Local\Microsoft\WindowsApps;;C:\Program Files\JetBrains\IntelliJ IDEA 2020.3.2\bin;;C:\Users\Roman\.dotnet\tools;."/>
    <property name="java.vm.info" value="mixed mode, sharing"/>
    <property name="java.vendor" value="Oracle Corporation"/>
    <property name="java.vm.version" value="15.0.2+7-27"/>
    <property name="sun.io.unicode.encoding" value="UnicodeLittle"/>
    <property name="java.class.version" value="59.0"/>
  </properties>
  <testcase name="gliderFigure" classname="net.broscorp.gamelife.GameOfLifeTest" time="0.01">
    <error type="java.lang.NullPointerException">java.lang.NullPointerException
	at net.broscorp.gamelife.GameOfLifeTest.equalsFile(GameOfLifeTest.java:22)
	at net.broscorp.gamelife.GameOfLifeTest.gliderFigure(GameOfLifeTest.java:60)
</error>
  </testcase>
  <testcase name="gliderFigureEasy" classname="net.broscorp.gamelife.GameOfLifeTest" time="0.001">
    <error type="java.lang.NullPointerException">java.lang.NullPointerException
	at net.broscorp.gamelife.GameOfLifeTest.equalsFile(GameOfLifeTest.java:22)
	at net.broscorp.gamelife.GameOfLifeTest.gliderFigureEasy(GameOfLifeTest.java:54)
</error>
  </testcase>
  <testcase name="oscillatorFigure" classname="net.broscorp.gamelife.GameOfLifeTest" time="0.002">
    <error type="java.lang.NullPointerException">java.lang.NullPointerException
	at net.broscorp.gamelife.GameOfLifeTest.equalsFile(GameOfLifeTest.java:22)
	at net.broscorp.gamelife.GameOfLifeTest.oscillatorFigure(GameOfLifeTest.java:42)
</error>
  </testcase>
  <testcase name="stableFigure2" classname="net.broscorp.gamelife.GameOfLifeTest" time="0.001">
    <error type="java.lang.NullPointerException">java.lang.NullPointerException
	at net.broscorp.gamelife.GameOfLifeTest.equalsFile(GameOfLifeTest.java:22)
	at net.broscorp.gamelife.GameOfLifeTest.stableFigure2(GameOfLifeTest.java:36)
</error>
  </testcase>
  <testcase name="oscillatorFigure2" classname="net.broscorp.gamelife.GameOfLifeTest" time="0.001">
    <error type="java.lang.NullPointerException">java.lang.NullPointerException
	at net.broscorp.gamelife.GameOfLifeTest.equalsFile(GameOfLifeTest.java:22)
	at net.broscorp.gamelife.GameOfLifeTest.oscillatorFigure2(GameOfLifeTest.java:48)
</error>
  </testcase>
  <testcase name="stableFigure" classname="net.broscorp.gamelife.GameOfLifeTest" time="0.001">
    <error type="java.lang.NullPointerException">java.lang.NullPointerException
	at net.broscorp.gamelife.GameOfLifeTest.equalsFile(GameOfLifeTest.java:22)
	at net.broscorp.gamelife.GameOfLifeTest.stableFigure(GameOfLifeTest.java:30)
</error>
  </testcase>
</testsuite>