<?xml version="1.0" encoding="UTF-8"?>
<testsuite xmlns:xsi="http://www.w3.org/2001/XMLSchema-instance" xsi:noNamespaceSchemaLocation="https://maven.apache.org/surefire/maven-surefire-plugin/xsd/surefire-test-report.xsd" name="net.broscorp.gamelife.GameOfLifeTest" time="0.063" tests="6" errors="6" skipped="0" failures="0">
  <properties>
    <property name="sun.desktop" value="windows"/>
    <property name="awt.toolkit" value="sun.awt.windows.WToolkit"/>
    <property name="java.specification.version" value="11"/>
    <property name="sun.cpu.isalist" value="amd64"/>
    <property name="sun.jnu.encoding" value="Cp1251"/>
    <property name="java.class.path" value="D:\BrosCorp\traineeship\module1\target\test-classes;D:\BrosCorp\traineeship\module1\target\classes;C:\Users\Костя\.m2\repository\org\junit\jupiter\junit-jupiter-api\5.4.0\junit-jupiter-api-5.4.0.jar;C:\Users\Костя\.m2\repository\org\apiguardian\apiguardian-api\1.0.0\apiguardian-api-1.0.0.jar;C:\Users\Костя\.m2\repository\org\opentest4j\opentest4j\1.1.1\opentest4j-1.1.1.jar;C:\Users\Костя\.m2\repository\org\junit\platform\junit-platform-commons\1.4.0\junit-platform-commons-1.4.0.jar;C:\Users\Костя\.m2\repository\org\junit\jupiter\junit-jupiter-engine\5.4.0\junit-jupiter-engine-5.4.0.jar;C:\Users\Костя\.m2\repository\org\junit\platform\junit-platform-engine\1.4.0\junit-platform-engine-1.4.0.jar;"/>
    <property name="java.vm.vendor" value="Oracle Corporation"/>
    <property name="sun.arch.data.model" value="64"/>
    <property name="user.variant" value=""/>
    <property name="java.vendor.url" value="https://openjdk.java.net/"/>
    <property name="user.timezone" value="Europe/Helsinki"/>
    <property name="user.country.format" value="UA"/>
    <property name="java.vm.specification.version" value="11"/>
    <property name="os.name" value="Windows 10"/>
    <property name="sun.java.launcher" value="SUN_STANDARD"/>
    <property name="user.country" value="RU"/>
    <property name="sun.boot.library.path" value="C:\Program Files\java\jdk-11.0.9\bin"/>
    <property name="sun.java.command" value="C:\Users\685F~1\AppData\Local\Temp\surefire15893469610822049989\surefirebooter17914144849115442957.jar C:\Users\Костя\AppData\Local\Temp\surefire15893469610822049989 2021-03-16T14-13-43_250-jvmRun1 surefire16074083552260783854tmp surefire_09137024782824510980tmp"/>
    <property name="jdk.debug" value="release"/>
    <property name="surefire.test.class.path" value="D:\BrosCorp\traineeship\module1\target\test-classes;D:\BrosCorp\traineeship\module1\target\classes;C:\Users\Костя\.m2\repository\org\junit\jupiter\junit-jupiter-api\5.4.0\junit-jupiter-api-5.4.0.jar;C:\Users\Костя\.m2\repository\org\apiguardian\apiguardian-api\1.0.0\apiguardian-api-1.0.0.jar;C:\Users\Костя\.m2\repository\org\opentest4j\opentest4j\1.1.1\opentest4j-1.1.1.jar;C:\Users\Костя\.m2\repository\org\junit\platform\junit-platform-commons\1.4.0\junit-platform-commons-1.4.0.jar;C:\Users\Костя\.m2\repository\org\junit\jupiter\junit-jupiter-engine\5.4.0\junit-jupiter-engine-5.4.0.jar;C:\Users\Костя\.m2\repository\org\junit\platform\junit-platform-engine\1.4.0\junit-platform-engine-1.4.0.jar;"/>
    <property name="sun.cpu.endian" value="little"/>
    <property name="user.home" value="C:\Users\Костя"/>
    <property name="user.language" value="ru"/>
    <property name="java.specification.vendor" value="Oracle Corporation"/>
    <property name="java.version.date" value="2020-10-20"/>
    <property name="java.home" value="C:\Program Files\java\jdk-11.0.9"/>
    <property name="file.separator" value="\"/>
    <property name="basedir" value="D:\BrosCorp\traineeship\module1"/>
    <property name="java.vm.compressedOopsMode" value="32-bit"/>
    <property name="line.separator" value="&#10;"/>
    <property name="java.specification.name" value="Java Platform API Specification"/>
    <property name="java.vm.specification.vendor" value="Oracle Corporation"/>
    <property name="java.awt.graphicsenv" value="sun.awt.Win32GraphicsEnvironment"/>
    <property name="surefire.real.class.path" value="C:\Users\685F~1\AppData\Local\Temp\surefire15893469610822049989\surefirebooter17914144849115442957.jar"/>
    <property name="user.script" value=""/>
    <property name="sun.management.compiler" value="HotSpot 64-Bit Tiered Compilers"/>
    <property name="java.runtime.version" value="11.0.9+7-LTS"/>
    <property name="user.name" value="Костя"/>
    <property name="path.separator" value=";"/>
    <property name="os.version" value="10.0"/>
    <property name="java.runtime.name" value="Java(TM) SE Runtime Environment"/>
    <property name="file.encoding" value="Cp1251"/>
    <property name="java.vm.name" value="Java HotSpot(TM) 64-Bit Server VM"/>
    <property name="java.vendor.version" value="18.9"/>
    <property name="localRepository" value="C:\Users\Костя\.m2\repository"/>
    <property name="java.vendor.url.bug" value="https://bugreport.java.com/bugreport/"/>
    <property name="java.io.tmpdir" value="C:\Users\685F~1\AppData\Local\Temp\"/>
    <property name="java.version" value="11.0.9"/>
    <property name="user.dir" value="D:\BrosCorp\traineeship\module1"/>
    <property name="os.arch" value="amd64"/>
    <property name="java.vm.specification.name" value="Java Virtual Machine Specification"/>
    <property name="java.awt.printerjob" value="sun.awt.windows.WPrinterJob"/>
    <property name="sun.os.patch.level" value=""/>
    <property name="java.library.path" value="C:\Program Files\java\jdk-11.0.9\bin;C:\WINDOWS\Sun\Java\bin;C:\WINDOWS\system32;C:\WINDOWS;C:\Program Files (x86)\Common Files\Oracle\Java\javapath;C:\watcom-1.3\binnt;C:\watcom-1.3\binw;C:\WINDOWS\system32;C:\WINDOWS;C:\WINDOWS\System32\Wbem;C:\WINDOWS\System32\WindowsPowerShell\v1.0\;C:\WINDOWS\System32\OpenSSH\;C:\Program Files\nodejs\;C:\Program Files\Git\cmd;%JAVA_HOME%\bin;C:\Program Files\apache-maven-3.6.3\bin;C:\Program Files\PuTTY\;C:\Program Files\Amazon\AWSCLIV2\;;C:\Program Files\Docker\Docker\resources\bin;C:\ProgramData\DockerDesktop\version-bin;C:\sdk\Windows Performance Toolkit\;C:\Program Files\MySQL\MySQL Shell 8.0\bin\;C:\Program Files\MySQL\MySQL Server 8.0\bin;C:\Users\Костя\AppData\Local\Microsoft\WindowsApps;C:\Users\Костя\AppData\Local\Programs\Microsoft VS Code\bin;C:\Users\Костя\AppData\Roaming\npm;C:\Program Files\java\jdk-11.0.9\bin;;C:\Applications\Atlassian\atlassian-plugin-sdk-8.2.6\bin;."/>
    <property name="java.vendor" value="Oracle Corporation"/>
    <property name="java.vm.info" value="mixed mode"/>
    <property name="java.vm.version" value="11.0.9+7-LTS"/>
    <property name="sun.io.unicode.encoding" value="UnicodeLittle"/>
    <property name="java.class.version" value="55.0"/>
  </properties>
  <testcase name="gliderFigure" classname="net.broscorp.gamelife.GameOfLifeTest" time="0.02">
    <error type="java.lang.NullPointerException">java.lang.NullPointerException
	at net.broscorp.gamelife.GameOfLifeTest.equalsFile(GameOfLifeTest.java:22)
	at net.broscorp.gamelife.GameOfLifeTest.gliderFigure(GameOfLifeTest.java:60)
</error>
  </testcase>
  <testcase name="gliderFigureEasy" classname="net.broscorp.gamelife.GameOfLifeTest" time="0.003">
    <error type="java.lang.NullPointerException">java.lang.NullPointerException
	at net.broscorp.gamelife.GameOfLifeTest.equalsFile(GameOfLifeTest.java:22)
	at net.broscorp.gamelife.GameOfLifeTest.gliderFigureEasy(GameOfLifeTest.java:54)
</error>
  </testcase>
  <testcase name="oscillatorFigure" classname="net.broscorp.gamelife.GameOfLifeTest" time="0.005">
    <error type="java.lang.NullPointerException">java.lang.NullPointerException
	at net.broscorp.gamelife.GameOfLifeTest.equalsFile(GameOfLifeTest.java:22)
	at net.broscorp.gamelife.GameOfLifeTest.oscillatorFigure(GameOfLifeTest.java:42)
</error>
  </testcase>
  <testcase name="stableFigure2" classname="net.broscorp.gamelife.GameOfLifeTest" time="0.004">
    <error type="java.lang.NullPointerException">java.lang.NullPointerException
	at net.broscorp.gamelife.GameOfLifeTest.equalsFile(GameOfLifeTest.java:22)
	at net.broscorp.gamelife.GameOfLifeTest.stableFigure2(GameOfLifeTest.java:36)
</error>
  </testcase>
  <testcase name="oscillatorFigure2" classname="net.broscorp.gamelife.GameOfLifeTest" time="0.004">
    <error type="java.lang.NullPointerException">java.lang.NullPointerException
	at net.broscorp.gamelife.GameOfLifeTest.equalsFile(GameOfLifeTest.java:22)
	at net.broscorp.gamelife.GameOfLifeTest.oscillatorFigure2(GameOfLifeTest.java:48)
</error>
  </testcase>
  <testcase name="stableFigure" classname="net.broscorp.gamelife.GameOfLifeTest" time="0.002">
    <error type="java.lang.NullPointerException">java.lang.NullPointerException
	at net.broscorp.gamelife.GameOfLifeTest.equalsFile(GameOfLifeTest.java:22)
	at net.broscorp.gamelife.GameOfLifeTest.stableFigure(GameOfLifeTest.java:30)
</error>
  </testcase>
</testsuite>